[debug] > Exec(early(addDefaultCommands), None, None)
[debug] > Exec(addDefaultCommands, None, None)
[debug] > Exec(early(initialize), None, None)
[debug] > Exec(initialize, None, None)
[debug] > Exec(early(addPluginSbtFile="""C:\Users\Marinela\AppData\Local\Temp\idea.sbt"""), None, None)
[debug] > Exec(addPluginSbtFile="""C:\Users\Marinela\AppData\Local\Temp\idea.sbt""", None, None)
[debug] > Exec(boot, None, None)
[debug] > Exec(writeSbtVersion, None, None)
[debug] > Exec(reload, None, None)
[debug] > Exec(sbtStashOnFailure, None, None)
[debug] > Exec(onFailure loadFailed, None, None)
[debug] > Exec(loadp, None, None)
[info] welcome to sbt 1.6.2 (Oracle Corporation Java 11.0.12)
[debug]       Load.loadUnit: plugins took 68.2401ms
[debug]       Load.loadUnit: defsScala took 0.4854ms
[debug] [Loading] Scanning directory C:\Users\Marinela\.sbt\1.0\plugins
[debug] [Loading] Found non-root projects 
[debug] [Loading] Done in C:\Users\Marinela\.sbt\1.0\plugins, returning: ()
[debug] deducing auto plugins based on known facts Set(Atom(sbt.plugins.CorePlugin)) and clauses Clauses(Clause(Atom(sbt.plugins.JvmPlugin),Set(Atom(sbt.plugins.IvyPlugin)))
[debug] Clause(Atom(sbt.ScriptedPlugin),Set(Atom(sbt.plugins.JvmPlugin)))
[debug] Clause(Atom(sbt.plugins.SbtPlugin),Set(Atom(sbt.ScriptedPlugin)))
[debug] Clause(Atom(sbt.plugins.SemanticdbPlugin),Set(Atom(sbt.plugins.JvmPlugin)))
[debug] Clause(Atom(sbt.plugins.JUnitXmlReportPlugin),Set(Atom(sbt.plugins.JvmPlugin)))
[debug] Clause(Atom(sbt.plugins.MiniDependencyTreePlugin),Set(Atom(sbt.plugins.JvmPlugin)))
[debug] Clause(Atom(sbt.plugins.CorePlugin),Set(Atom(sbt.plugins.IvyPlugin)))
[debug] Clause(Atom(sbt.plugins.IvyPlugin),Set(Atom(sbt.plugins.JvmPlugin)))
[debug] Clause(Atom(sbt.plugins.JvmPlugin),Set(Atom(sbt.plugins.SemanticdbPlugin)))
[debug] Clause(Atom(sbt.plugins.JvmPlugin),Set(Atom(sbt.plugins.JUnitXmlReportPlugin)))
[debug] Clause(Atom(sbt.plugins.CorePlugin),Set(Atom(sbt.plugins.Giter8TemplatePlugin)))
[debug] Clause(Atom(sbt.plugins.JvmPlugin),Set(Atom(sbt.plugins.MiniDependencyTreePlugin))))
[debug]   :: deduced result: Matched(sbt.plugins.CorePlugin,sbt.plugins.Giter8TemplatePlugin,sbt.plugins.IvyPlugin,sbt.plugins.JvmPlugin,sbt.plugins.MiniDependencyTreePlugin,sbt.plugins.JUnitXmlReportPlugin,sbt.plugins.SemanticdbPlugin)
[debug] Plugins.deducer#function took 15.3895 ms
[debug]           Load.resolveProject(global-plugins) took 40.4213ms
[debug]         Load.loadTransitive: finalizeProject(Project(id global-plugins, base: C:\Users\Marinela\.sbt\1.0\plugins, plugins: List(<none>))) took 76.4271ms
[debug] [Loading] Done in C:\Users\Marinela\.sbt\1.0\plugins, returning: (global-plugins)
[debug]       Load.loadUnit: loadedProjectsRaw took 95.9881ms
[debug]       Load.loadUnit: cleanEvalClasses took 0.1873ms
[debug]     Load.loadUnit(file:/C:/Users/Marinela/.sbt/1.0/plugins/, ...) took 172.1172ms
[debug]   Load.apply: load took 304.1842ms
[debug]   Load.apply: resolveProjects took 4.6377ms
[debug]   Load.apply: finalTransforms took 53.7564ms
[debug]   Load.apply: config.delegates took 6.718ms
[debug]   Load.apply: Def.make(settings)... took 416.213ms
[debug]   Load.apply: structureIndex took 109.3093ms
[debug]   Load.apply: mkStreams took 1.419ms
[info] loading global plugins from C:\Users\Marinela\.sbt\1.0\plugins
[debug] Running task... Cancel: Signal, check cycles: false, forcegc: true
[debug] Load.defaultLoad until apply took 2258.8535ms
[debug]           Load.loadUnit: plugins took 23.7718ms
[debug]           Load.loadUnit: defsScala took 0.0043ms
[debug] [Loading] Scanning directory C:\Users\Marinela\Downloads\followers\message-broker\project
[debug]             Load.loadUnit: mkEval took 7.7051ms
[debug] [Loading] Found non-root projects 
[debug] [Loading] Done in C:\Users\Marinela\Downloads\followers\message-broker\project, returning: ()
[debug] deducing auto plugins based on known facts Set(Atom(sbt.plugins.CorePlugin)) and clauses Clauses(Clause(Atom(sbt.plugins.JvmPlugin),Set(Atom(sbt.plugins.IvyPlugin)))
[debug] Clause(Atom(sbt.ScriptedPlugin),Set(Atom(sbt.plugins.JvmPlugin)))
[debug] Clause(Atom(sbt.plugins.SbtPlugin),Set(Atom(sbt.ScriptedPlugin)))
[debug] Clause(Atom(sbt.plugins.SemanticdbPlugin),Set(Atom(sbt.plugins.JvmPlugin)))
[debug] Clause(Atom(sbt.plugins.JUnitXmlReportPlugin),Set(Atom(sbt.plugins.JvmPlugin)))
[debug] Clause(Atom(sbt.plugins.MiniDependencyTreePlugin),Set(Atom(sbt.plugins.JvmPlugin)))
[debug] Clause(Atom(sbt.plugins.CorePlugin),Set(Atom(sbt.plugins.IvyPlugin)))
[debug] Clause(Atom(sbt.plugins.IvyPlugin),Set(Atom(sbt.plugins.JvmPlugin)))
[debug] Clause(Atom(sbt.plugins.JvmPlugin),Set(Atom(sbt.plugins.SemanticdbPlugin)))
[debug] Clause(Atom(sbt.plugins.JvmPlugin),Set(Atom(sbt.plugins.JUnitXmlReportPlugin)))
[debug] Clause(Atom(sbt.plugins.CorePlugin),Set(Atom(sbt.plugins.Giter8TemplatePlugin)))
[debug] Clause(Atom(sbt.plugins.JvmPlugin),Set(Atom(sbt.plugins.MiniDependencyTreePlugin))))
[debug]   :: deduced result: Matched(sbt.plugins.CorePlugin,sbt.plugins.Giter8TemplatePlugin,sbt.plugins.IvyPlugin,sbt.plugins.JvmPlugin,sbt.plugins.MiniDependencyTreePlugin,sbt.plugins.JUnitXmlReportPlugin,sbt.plugins.SemanticdbPlugin)
[debug] Plugins.deducer#function took 2.1275 ms
[info] loading settings for project message-broker-build from idea.sbt ...
[debug]               Load.resolveProject(message-broker-build) took 3.235ms
[debug]             Load.loadTransitive: finalizeProject(Project(id message-broker-build, base: C:\Users\Marinela\Downloads\followers\message-broker\project, plugins: List(<none>))) took 5.94ms
[debug] [Loading] Done in C:\Users\Marinela\Downloads\followers\message-broker\project, returning: (message-broker-build)
[debug]           Load.loadUnit: loadedProjectsRaw took 2119.1283ms
[debug]           Load.loadUnit: cleanEvalClasses took 5.1541ms
[debug]         Load.loadUnit(file:/C:/Users/Marinela/Downloads/followers/message-broker/project/, ...) took 2149.2734ms
[debug]       Load.apply: load took 2151.0697ms
[debug]       Load.apply: resolveProjects took 0.1211ms
[debug]       Load.apply: finalTransforms took 12.2147ms
[debug]       Load.apply: config.delegates took 0.342ms
[debug]       Load.apply: Def.make(settings)... took 83.3502ms
[debug]       Load.apply: structureIndex took 26.8201ms
[debug]       Load.apply: mkStreams took 0.0019ms
[info] loading project definition from C:\Users\Marinela\Downloads\followers\message-broker\project
[debug] Running task... Cancel: Signal, check cycles: false, forcegc: true
[warn] Unrecognized repository Scala Plugin Bundled Repository, ignoring it
[warn] Unrecognized repository Scala Plugin Bundled Repository, ignoring it
[debug]     Load.loadUnit: plugins took 3613.0851ms
[debug]     Load.loadUnit: defsScala took 0.0023ms
[debug] [Loading] Scanning directory C:\Users\Marinela\Downloads\followers\message-broker
[debug]       Load.loadUnit: mkEval took 0.2215ms
[debug] [Loading] Found non-root projects 
[debug] [Loading] Done in C:\Users\Marinela\Downloads\followers\message-broker, returning: ()
[debug] deducing auto plugins based on known facts Set(Atom(sbt.plugins.CorePlugin)) and clauses Clauses(Clause(Atom(sbt.plugins.JvmPlugin),Set(Atom(sbt.plugins.IvyPlugin)))
[debug] Clause(Atom(sbt.ScriptedPlugin),Set(Atom(sbt.plugins.JvmPlugin)))
[debug] Clause(Atom(sbt.plugins.SbtPlugin),Set(Atom(sbt.ScriptedPlugin)))
[debug] Clause(Atom(sbt.plugins.SemanticdbPlugin),Set(Atom(sbt.plugins.JvmPlugin)))
[debug] Clause(Atom(sbt.plugins.JUnitXmlReportPlugin),Set(Atom(sbt.plugins.JvmPlugin)))
[debug] Clause(Atom(sbt.plugins.MiniDependencyTreePlugin),Set(Atom(sbt.plugins.JvmPlugin)))
[debug] Clause(Atom(org.jetbrains.sbt.StructurePlugin),Set(Atom(sbt.plugins.JvmPlugin)))
[debug] Clause(Atom(org.jetbrains.sbt.IdeaShellPlugin),Set(Atom(sbt.plugins.JvmPlugin)))
[debug] Clause(Atom(org.jetbrains.sbt.indices.SbtIntellijIndicesPlugin),Set(Atom(sbt.plugins.JvmPlugin)))
[debug] Clause(Atom(sbt.plugins.CorePlugin),Set(Atom(sbt.plugins.IvyPlugin)))
[debug] Clause(Atom(sbt.plugins.IvyPlugin),Set(Atom(sbt.plugins.JvmPlugin)))
[debug] Clause(Atom(sbt.plugins.JvmPlugin),Set(Atom(sbt.plugins.SemanticdbPlugin)))
[debug] Clause(Atom(sbt.plugins.JvmPlugin),Set(Atom(sbt.plugins.JUnitXmlReportPlugin)))
[debug] Clause(Atom(sbt.plugins.CorePlugin),Set(Atom(sbt.plugins.Giter8TemplatePlugin)))
[debug] Clause(Atom(sbt.plugins.JvmPlugin),Set(Atom(sbt.plugins.MiniDependencyTreePlugin)))
[debug] Clause(Atom(sbt.plugins.JvmPlugin),Set(Atom(org.jetbrains.sbt.StructurePlugin)))
[debug] Clause(Atom(sbt.plugins.JvmPlugin),Set(Atom(org.jetbrains.sbt.IdeaShellPlugin)))
[debug] Clause(And(Set(Atom(sbt.plugins.CorePlugin), Atom(sbt.plugins.JvmPlugin))),Set(Atom(org.jetbrains.sbt.indices.SbtIntellijIndicesPlugin))))
[debug]   :: deduced result: Matched(sbt.plugins.CorePlugin,sbt.plugins.Giter8TemplatePlugin,sbt.plugins.IvyPlugin,sbt.plugins.JvmPlugin,sbt.plugins.SemanticdbPlugin,org.jetbrains.sbt.indices.SbtIntellijIndicesPlugin,sbt.plugins.JUnitXmlReportPlugin,org.jetbrains.sbt.IdeaShellPlugin,org.jetbrains.sbt.StructurePlugin,sbt.plugins.MiniDependencyTreePlugin)
[debug] Plugins.deducer#function took 2.5028 ms
[info] loading settings for project message-broker from build.sbt ...
[debug]         Load.resolveProject(message-broker) took 31.4872ms
[debug]       Load.loadTransitive: finalizeProject(Project(id message-broker, base: C:\Users\Marinela\Downloads\followers\message-broker, plugins: List(<none>))) took 35.2838ms
[debug] [Loading] Done in C:\Users\Marinela\Downloads\followers\message-broker, returning: (message-broker)
[debug]     Load.loadUnit: loadedProjectsRaw took 1216.1845ms
[debug]     Load.loadUnit: cleanEvalClasses took 8.6058ms
[debug]   Load.loadUnit(file:/C:/Users/Marinela/Downloads/followers/message-broker/, ...) took 4838.4912ms
[debug] Load.apply: load took 4840.081ms
[debug] Load.apply: resolveProjects took 0.1587ms
[debug] Load.apply: finalTransforms took 22.2168ms
[debug] Load.apply: config.delegates took 0.2799ms
[debug] Load.apply: Def.make(settings)... took 65.6364ms
[debug] Load.apply: structureIndex took 24.742ms
[debug] Load.apply: mkStreams took 0.0025ms
[info] set current project to message-broker (in build file:/C:/Users/Marinela/Downloads/followers/message-broker/)
[debug] > Exec(sbtPopOnFailure, None, None)
[debug] > Exec(resumeFromFailure, None, None)
[debug] > Exec(notifyUsersAboutShell, None, None)
[debug] > Exec(iflast shell, None, None)
[debug] > Exec(; set ideaPort in Global := 57331 ; idea-shell, None, None)
[debug] > Exec(set ideaPort in Global := 57331, None, None)
[info] Defining Global / ideaPort
[info] The new value will be used by Compile / compile, Test / compile
[debug] Defining 
[debug] 	Global / ideaPort
[debug] 
[debug] The new value will be used by 
[debug] 	Compile / compile
[debug] 	Test / compile
[info] Reapplying settings...
[info] set current project to message-broker (in build file:/C:/Users/Marinela/Downloads/followers/message-broker/)
[debug] > Exec(idea-shell, None, None)
